make.exe all --print-data-base --no-builtin-variables --no-builtin-rules --question
# GNU Make 3.81
# Copyright (C) 2006  Free Software Foundation, Inc.
# This is free software; see the source for copying conditions.
# There is NO warranty; not even for MERCHANTABILITY or FITNESS FOR A
# PARTICULAR PURPOSE.

# This program built for i386-pc-mingw32
 

# Make data base, printed on Fri May 20 20:01:10 2022

# Variables

# automatic
<D = $(patsubst %/,%,$(dir $<))
# automatic
?F = $(notdir $?)
# makefile
MAKEFLAGS = Rrqp
# environment
VSCODE_LOG_NATIVE = false
# automatic
?D = $(patsubst %/,%,$(dir $?))
# automatic
@D = $(patsubst %/,%,$(dir $@))
# environment
HOMEDRIVE = C:
# automatic
@F = $(notdir $@)
# automatic
^D = $(patsubst %/,%,$(dir $^))
# makefile
CURDIR := d:/Programing/golang_course/gowebbyexample/goresttodo
# default
SHELL := sh.exe
# environ 
ment
WINDIR = C:\WINDOWS
# environment
VSCODE_NLS_CONFIG = {"locale":"en-us","availableLanguages":{},"_languagePackSupport":true}
# environment
VBOX_MSI_INSTALL_PATH = C:\Program Files\Oracle\VirtualBox\
# environment
ONEDRIVE = C:\Users\alokh\OneDrive
# environment
PATHEXT = .COM;.EXE;.BAT;.CMD;.VBS;.VBE;.JS;.JSE;.WSF;.WSH;.MSC
# makefile (from `makefile', line 1)
MAKEFILE_LIST :=  makefile
# environment
TMP = C:\Users\alokh\AppData\Local\Temp
# environment
VSCODE_AMD_ENTRYPOINT = vs/workbench/api/node/extensionHostProcess
# environment
VSCODE_VERBOSE_LOGGING = true
# environment
PROGRAMW6432 = C:\Program Files
# environment
PROGRAMDATA = C:\ProgramData
# environment
VSCODE_IPC_HOOK_EXTHOST = \\.\pipe\vscode-ipc-b719e2ce-72cd-4115-9c27-b393d7dd004d-sock
# environment
VSCODE_CWD = C:\Users\alokh\AppData\Local\Programs\Microsoft VS Code
# environment
GOPROXY = https://proxy.golang.org,direct
# environment
PATH = C:\Program Files\Common Files\Oracle\Java\javapath;C:\WINDOWS\system32;C:\WINDOWS;C:\WINDOWS\System32\Wbem;C:\WINDOWS\System32\WindowsPowerShell\v1.0\;C:\WINDOWS\System32\OpenSSH\;C:\Program Files\Git\cmd;C:\Program Files\nodejs\;C:\Program Files\Docker\Docker\resources\bin;C:\ProgramData\DockerDesktop\version-bin;C:\ProgramData\ComposerSetup\bin;C:\Program Files\Go\bin;C:\Users\alokh\AppData\Local\Programs\Python\Python39\Scripts\;C:\Users\alokh\AppData\Local\Programs\Python\Python39\;C:\Users\alokh\AppData\Local\Microsoft\WindowsApps;C:\Users\alokh\AppData\Roaming\npm;C:\src\flutter\bin;C:\Program Files\heroku\bin;C:\Program Files\Java\jdk-11.0.11\bin;C:\Program Files\Android\Android Studio\jre\bin;C:\Program Files\MongoDB\Server\5.0\bin;C:\Users\alokh\AppData\Local\Programs\Microsoft VS Code\bin;C:\Program Files\OpenSSL-Win64\bin;C:\Users\alokh\AppData\Local\Android\Sdk\platform-tools;C:\Users\alokh\AppData\Local\Android\Sdk\emulator;C:\Users\alokh\AppData\Local\Android\Sdk\tools\bin;C:\xampp\php;C:\Users\alokh\AppData\Roaming\Composer\vendor\bin;C:\Users\alokh\go\bin;C:\Users\alokh\AppData\Local\Pub\Cache\bin;C:\Program Files (x86)\GnuWin32\bin;
# environment
COMMONPROGRAMW6432 = C:\Program Files\Common Files
# environment
ZES_ENABLE_SYSMAN = 1
# environment
PROCESSOR_ARCHITECTURE = x86
# environment
USERPROFILE = C:\Users\alokh
# environment
ALLUSERSPROFILE = C:\ProgramData
# environment
GOPATH = C:\Users\alokh\go
# environment
VSCODE_LOG_STACK = false
# environment
NUMBER_OF_PROCESSORS = 8
# environment
ELECTRON_RUN_AS_NODE = 1
# default
.FEATURES := target-specific order-only second-expansion else-if  
archives
# automatic
%F = $(notdir $%)
# environment
CHROME_CRASHPAD_PIPE_NAME = \\.\pipe\crashpad_13740_ENSHZSZOBCTDRALM
# environment
VSCODE_PIPE_LOGGING = true
# environment
COMPUTERNAME = DESKTOP-9EE8F0I
# environment
PROGRAMFILES = C:\Program Files (x86)
# environment
UIPATH_LANGUAGE = en
# environment
DRIVERDATA = C:\Windows\System32\Drivers\DriverData
# environment
ORIGINAL_XDG_CURRENT_DESKTOP = undefined
# environment
USERNAME = alokh
# environment
PUBLIC = C:\Users\Public
# environment
GOMODCACHE = C:\Users\alokh\go\pkg\mod
# environment
VSCODE_CODE_CACHE_PATH = C:\Users\alokh\AppData\Roaming\Code\CachedData\c3511e6c69bb39013c4a4b7b9566ec1ca73fc4d5
# environment
APPLICATION_INSIGHTS_NO_DIAGNOSTIC_CHANNEL = 1
# environment
COMMONPROGRAMFILES = C:\Program Files (x86)\Common Files
# environment
LOGONSERVER = \\DESKTOP-9EE8F0I
# environment
ONEDRIVECONSUMER = C:\Users\alokh\OneDrive
# environment
VSCODE_HANDLES_UNCAUGHT_ERRORS = true
# environment
USERDOMAIN = DESKTOP-9EE8F0I
# default
MAKE = $(MAKE_COMM 
AND)
# default
MAKECMDGOALS := all
# default
MAKE_VERSION := 3.81
# makefile
.DEFAULT_GOAL := dev
# environment
PROGRAMFILES(X86) = C:\Program Files (x86)
# automatic
%D = $(patsubst %/,%,$(dir $%))
# environment
LOCALAPPDATA = C:\Users\alokh\AppData\Local
# environment
PSMODULEPATH = C:\Program Files\WindowsPowerShell\Modules;C:\WINDOWS\system32\WindowsPowerShell\v1.0\Modules
# default
MAKE_COMMAND := make.exe
# environment
PROCESSOR_ARCHITEW6432 = AMD64
# default
.VARIABLES := 
# automatic
*F = $(notdir $ 
*)
# environment
PROCESSOR_IDENTIFIER = Intel64 Family 6 Model 126 Stepping 5, GenuineIntel
# environment
OS = Windows_NT
# environment
VSCODE_IPC_HOOK = \\.\pipe\448fbc56709c796d3b5ad4f2f70c656b-1.67.2-main-sock
# environment
HOMEPATH = \Users\alokh
# environment
COMMONPROGRAMFILES(X86) = C:\Program Files (x86)\Common Files
# environment
PROMPT = $P$G
# environment
MFLAGS = -Rrqp
# automatic
*D = $(patsubst %/,%,$(dir $*))
# environment
SYSTEMROOT = C:\WINDOWS
# automatic
+D = $(patsubst %/,%,$(dir $+))
# automatic
+F = $(notdir $+)
# environment
APPDATA = C:\Users\alokh\AppData\Roaming
# environment
TEMP = C:\Users\alokh\AppData\Local\Temp
# environment
COMSPEC = C:\WINDOWS\system32\cmd.exe
# default
MAKEFILES := 
# environment
UIPATH_USER_SERVICE_PATH = C:\Users\alokh\AppData\Local\Programs\UiPath\Studio\UiPath.Service.UserHost.exe
# automatic
<F = $(notdir $<)
# environment
LC_ALL = C
# automatic
^F = $(notdir $^)
# default
SUFFIXES := 
# environment
SYSTEMDRIVE = C:
# environment
SESSIONNAME = Console
#  
environment
PROCESSOR_REVISION = 7e05
# environment
MAKELEVEL := 0
# environment
LANG = C
# environment
PROCESSOR_LEVEL = 6
# environment
VSCODE_PID = 13740
# environment
USERDOMAIN_ROAMINGPROFILE = DESKTOP-9EE8F0I
# variable set hash-table stats:
# Load=94/1024=9%, Rehash=0, Collisions=11/114=10%

# Pattern-specific Variable Values

# No pattern-specific variable values.

# Directories

# C:\xampp\php (key C:/xampp/php, mtime 1648128645): 63 files, no impossibilities.
# C:\Program Files\heroku\bin (key C:/ 
Program Files/heroku/bin, mtime 1626277592): 4 files, no impossibilities.
# C:\Program Files\Common Files\Oracle\Java\javapath (key C:/Program Files/Common Files/Oracle/Java/javapath, mtime 1624535570): 6 files, no impossibilities.
# C:\Program Files\Docker\Docker\resources\bin (key C:/Program Files/Docker/Docker/resources/bin, mtime 1628356333): 13 files, no impossibilities.
# C:\Program Files\Go\bin (key C:/Program Files/Go/bin, mtime 1652434066): 4 files, no impossibilities.
# C:\Users\alokh\AppData\Local\Programs\Python\Python39\ (key C:/Users/alokh/AppData/Local/Programs/Python/Python39/, mtime 1624533625): 18 files, no impossibilities.
# C:\Users\alokh\AppData\Local\Microsoft\WindowsApps (key C:/Users/alokh/AppData/Local/Microsoft/WindowsApps, mtime 1653042080): 24 files, no impossibilities.
# C:\Users\alokh\AppData\Local\Programs\Python\Python39\Scripts\ (key C:/Users/alokh/AppData/Local/Programs/Python/Python39/Scripts/, mtime 1652330068): 9 files, no impossibilities.
# C:\WINDOWS\System32\WindowsPowe 
rShell\v1.0\ (key C:/WINDOWS/System32/WindowsPowerShell/v1.0/, mtime 1622898672): 30 files, no impossibilities.
# C:\WINDOWS\System32\Wbem (key C:/WINDOWS/System32/Wbem, mtime 1642176100): 155 files, no impossibilities.
# . (key d:/Programing/golang_course/gowebbyexample/goresttodo, mtime 1653046986): 8 files, no impossibilities.
# C:\Users\alokh\AppData\Roaming\npm (key C:/Users/alokh/AppData/Roaming/npm, mtime 1650899428): 33 files, no impossibilities.
# C:\src\flutter\bin (key C:/src/flutter/bin, mtime 1 
652460403): 9 files, no impossibilities.
# C:\Users\alokh\go\bin (key C:/Users/alokh/go/bin, mtime 1653047277): 6 files, no impossibilities.
# C:\Program Files\nodejs\ (key C:/Program Files/nodejs/, mtime 1624533125): 11 files, no impossibilities.
# C:\Users\alokh\AppData\Local\Android\Sdk\platform-tools (key C:/Users/alokh/AppData/Local/Android/Sdk/platform-tools, mtime 1638875388): 21 files, no impossibilities.
# C:\Program Files\Java\jdk-11.0.11\bin (key C:/Program Files/Java/jdk-11.0.11/bin, mtime 16245 
35569): 126 files, no impossibilities.
# C:\WINDOWS\System32\OpenSSH\: could not be stat'd.
# C:\ProgramData\ComposerSetup\bin (key C:/ProgramData/ComposerSetup/bin, mtime 1649407904): 5 files, no impossibilities.
# C:\WINDOWS (key C:/WINDOWS, mtime 1644602596): 113 files, no impossibilities.
# C:\Users\alokh\AppData\Local\Pub\Cache\bin (key C:/Users/alokh/AppData/Local/Pub/Cache/bin, mtime 1653030072): 4 files, no impossibilities.
# C:\Users\alokh\AppData\Local\Android\Sdk\tools\bin (key C:/Users/alokh/AppData/Local/Android/Sdk/tools/bin, mtime 1624534141): 10 files, no impossibilities.
# C:\Users\alokh\AppData\Local\Programs\Microsoft VS Code\bin (key C:/Users/alokh/AppData/Local/Programs/Microsoft VS Code/bin, mtime 1652932893): 4 files, no impossibilities.
# C:\ProgramData\DockerDesktop\version-bin (key C:/ProgramData/DockerDesktop/version-bin, mtime 1628356388): 2 files, no impossibilities.
# C:\Program Files\Android\Android Studio\jre\bin (key C:/Program Files/Android/Android Studio/jre/bin, mtime 16447 
42433): 73 files, no impossibilities.
# C:\Program Files\Git\cmd (key C:/Program Files/Git/cmd, mtime 1624533063): 8 files, no impossibilities.
# C:\WINDOWS\system32 (key C:/WINDOWS/system32, mtime 1652285592): 2871 files, no impossibilities.
# C:\Program Files\MongoDB\Server\5.0\bin (key C:/Program Files/MongoDB/Server/5.0/bin, mtime 1627833779): 9 files, no impossibilities.
# C:\Program Files\OpenSSL-Win64\bin (key C:/Program Files/OpenSSL-Win64/bin, mtime 1630642574): 13 files, no impossibilities.
# C:\Users\alokh\AppData\Local\Android\Sdk\emulator (key C:/Users/alokh/AppData/Local/Android/Sdk/emulator, mtime 1638875470): 30 files, no impossibilities.
# C:\Users\alokh\AppData\Roaming\Composer\vendor\bin: could not be stat'd.
# C:\Program Files (x86)\GnuWin32\bin (key C:/Program Files (x86)/GnuWin32/bin, mtime 1653056924): 5 files, no impossibilities.

# 3687 files, no impossibilities in 32 directories.

# Implicit Rules

# No implicit rules.

# Files

# Not a target:
all:
#  Command-line target.
#  Implici 
t rule search has been done.
#  File does not exist.
#  File has not been updated.
# variable set hash-table stats:
# Load=0/32=0%, Rehash=0, Collisions=0/0=0%

# Not a target:
.DEFAULT:
#  Implicit rule search has not been done.
#  Modification time never checked.
#  File has not been updated.

# Not a target:
makefile:
#  Implicit rule search has been done.
#  Last modified 2022-05-20 17:16:19
#  File has been updated.
#  Successfully updated.
# variable set hash-table stats:
# Load=0/32=0%, Rehash=0, Col 
lisions=0/0=0%

# Not a target:
.SUFFIXES:
#  Implicit rule search has not been done.
#  Modification time never checked.
#  File has not been updated.

dev:
#  Implicit rule search has not been done.
#  Modification time never checked.
#  File has not been updated.
#  commands to execute (from `makefile', line 2):
	go run main.go
	

# files hash-table stats:
# Load=5/1024=0%, Rehash=0, Collisions=0/16=0%
# VPATH Search Paths

# No `vpath' search paths.

# No general (`VPATH' variable) search path.

# # of  
make.exe: *** No rule to make target `all'.  Stop.

strings in strcache: 1
# # of strcache buffers: 1
# strcache size: total = 4096 / max = 4096 / min = 4096 / avg = 4096
# strcache free: total = 4087 / max = 4087 / min = 4087 / avg = 4087

# Finished Make data base on Fri May 20 20:01:10 2022

 
